Started GET "/" for ::1 at 2023-02-22 16:11:00 +0000
  
ActiveRecord::NoDatabaseError (We could not find your database: rails-simple-airbnb_development. Which can be found in the database configuration file located at config/database.yml.

To resolve this issue:

- Did you create the database for this app, or delete it? You may need to create your database.
- Has the database name changed? Check your database.yml config has the correct database name.

To create your database, run:

        bin/rails db:create
):
  
activerecord (7.0.4.2) lib/active_record/connection_adapters/postgresql_adapter.rb:81:in `rescue in new_client'
activerecord (7.0.4.2) lib/active_record/connection_adapters/postgresql_adapter.rb:77:in `new_client'
activerecord (7.0.4.2) lib/active_record/connection_adapters/postgresql_adapter.rb:37:in `postgresql_connection'
activerecord (7.0.4.2) lib/active_record/connection_adapters/abstract/connection_pool.rb:656:in `public_send'
activerecord (7.0.4.2) lib/active_record/connection_adapters/abstract/connection_pool.rb:656:in `new_connection'
activerecord (7.0.4.2) lib/active_record/connection_adapters/abstract/connection_pool.rb:700:in `checkout_new_connection'
activerecord (7.0.4.2) lib/active_record/connection_adapters/abstract/connection_pool.rb:679:in `try_to_checkout_new_connection'
activerecord (7.0.4.2) lib/active_record/connection_adapters/abstract/connection_pool.rb:640:in `acquire_connection'
activerecord (7.0.4.2) lib/active_record/connection_adapters/abstract/connection_pool.rb:341:in `checkout'
activerecord (7.0.4.2) lib/active_record/connection_adapters/abstract/connection_pool.rb:181:in `connection'
activerecord (7.0.4.2) lib/active_record/connection_adapters/abstract/connection_handler.rb:211:in `retrieve_connection'
activerecord (7.0.4.2) lib/active_record/connection_handling.rb:313:in `retrieve_connection'
activerecord (7.0.4.2) lib/active_record/connection_handling.rb:280:in `connection'
activerecord (7.0.4.2) lib/active_record/migration.rb:613:in `connection'
activerecord (7.0.4.2) lib/active_record/migration.rb:608:in `build_watcher'
activerecord (7.0.4.2) lib/active_record/migration.rb:590:in `block in call'
activerecord (7.0.4.2) lib/active_record/migration.rb:589:in `synchronize'
activerecord (7.0.4.2) lib/active_record/migration.rb:589:in `call'
actionpack (7.0.4.2) lib/action_dispatch/middleware/callbacks.rb:27:in `block in call'
activesupport (7.0.4.2) lib/active_support/callbacks.rb:99:in `run_callbacks'
actionpack (7.0.4.2) lib/action_dispatch/middleware/callbacks.rb:26:in `call'
actionpack (7.0.4.2) lib/action_dispatch/middleware/executor.rb:14:in `call'
actionpack (7.0.4.2) lib/action_dispatch/middleware/actionable_exceptions.rb:17:in `call'
actionpack (7.0.4.2) lib/action_dispatch/middleware/debug_exceptions.rb:28:in `call'
web-console (4.2.0) lib/web_console/middleware.rb:132:in `call_app'
web-console (4.2.0) lib/web_console/middleware.rb:28:in `block in call'
web-console (4.2.0) lib/web_console/middleware.rb:17:in `catch'
web-console (4.2.0) lib/web_console/middleware.rb:17:in `call'
actionpack (7.0.4.2) lib/action_dispatch/middleware/show_exceptions.rb:26:in `call'
railties (7.0.4.2) lib/rails/rack/logger.rb:40:in `call_app'
railties (7.0.4.2) lib/rails/rack/logger.rb:25:in `block in call'
activesupport (7.0.4.2) lib/active_support/tagged_logging.rb:99:in `block in tagged'
activesupport (7.0.4.2) lib/active_support/tagged_logging.rb:37:in `tagged'
activesupport (7.0.4.2) lib/active_support/tagged_logging.rb:99:in `tagged'
railties (7.0.4.2) lib/rails/rack/logger.rb:25:in `call'
sprockets-rails (3.4.2) lib/sprockets/rails/quiet_assets.rb:13:in `call'
actionpack (7.0.4.2) lib/action_dispatch/middleware/remote_ip.rb:93:in `call'
actionpack (7.0.4.2) lib/action_dispatch/middleware/request_id.rb:26:in `call'
rack (2.2.6.2) lib/rack/method_override.rb:24:in `call'
rack (2.2.6.2) lib/rack/runtime.rb:22:in `call'
activesupport (7.0.4.2) lib/active_support/cache/strategy/local_cache_middleware.rb:29:in `call'
actionpack (7.0.4.2) lib/action_dispatch/middleware/server_timing.rb:61:in `block in call'
actionpack (7.0.4.2) lib/action_dispatch/middleware/server_timing.rb:26:in `collect_events'
actionpack (7.0.4.2) lib/action_dispatch/middleware/server_timing.rb:60:in `call'
actionpack (7.0.4.2) lib/action_dispatch/middleware/executor.rb:14:in `call'
actionpack (7.0.4.2) lib/action_dispatch/middleware/static.rb:23:in `call'
rack (2.2.6.2) lib/rack/sendfile.rb:110:in `call'
actionpack (7.0.4.2) lib/action_dispatch/middleware/host_authorization.rb:137:in `call'
railties (7.0.4.2) lib/rails/engine.rb:530:in `call'
puma (5.6.5) lib/puma/configuration.rb:252:in `call'
puma (5.6.5) lib/puma/request.rb:77:in `block in handle_request'
puma (5.6.5) lib/puma/thread_pool.rb:340:in `with_force_shutdown'
puma (5.6.5) lib/puma/request.rb:76:in `handle_request'
puma (5.6.5) lib/puma/server.rb:443:in `process_client'
puma (5.6.5) lib/puma/thread_pool.rb:147:in `block in spawn_thread'
Started POST "/rails/actions" for ::1 at 2023-02-22 16:11:16 +0000
  [1m[35m (224.8ms)[0m  [1m[35mCREATE DATABASE "rails-simple-airbnb_development" ENCODING = 'unicode'[0m
  [1m[35m (70.4ms)[0m  [1m[35mCREATE DATABASE "rails-simple-airbnb_test" ENCODING = 'unicode'[0m
Started GET "/" for ::1 at 2023-02-22 16:11:17 +0000
  [1m[35m (4.7ms)[0m  [1m[35mCREATE TABLE "schema_migrations" ("version" character varying NOT NULL PRIMARY KEY)[0m
  [1m[35m (2.2ms)[0m  [1m[35mCREATE TABLE "ar_internal_metadata" ("key" character varying NOT NULL PRIMARY KEY, "value" character varying, "created_at" timestamp(6) NOT NULL, "updated_at" timestamp(6) NOT NULL)[0m
  [1m[36mActiveRecord::SchemaMigration Pluck (1.0ms)[0m  [1m[34mSELECT "schema_migrations"."version" FROM "schema_migrations" ORDER BY "schema_migrations"."version" ASC[0m
  
ActiveRecord::PendingMigrationError (

Migrations are pending. To resolve this issue, run:

        bin/rails db:migrate RAILS_ENV=development

You have 1 pending migration:

20220318093229_create_flats.rb


):
  
activerecord (7.0.4.2) lib/active_record/migration.rb:627:in `check_pending!'
activerecord (7.0.4.2) lib/active_record/migration.rb:592:in `block (2 levels) in call'
activesupport (7.0.4.2) lib/active_support/file_update_checker.rb:83:in `execute'
activerecord (7.0.4.2) lib/active_record/migration.rb:597:in `block in call'
activerecord (7.0.4.2) lib/active_record/migration.rb:589:in `synchronize'
activerecord (7.0.4.2) lib/active_record/migration.rb:589:in `call'
actionpack (7.0.4.2) lib/action_dispatch/middleware/callbacks.rb:27:in `block in call'
activesupport (7.0.4.2) lib/active_support/callbacks.rb:99:in `run_callbacks'
actionpack (7.0.4.2) lib/action_dispatch/middleware/callbacks.rb:26:in `call'
actionpack (7.0.4.2) lib/action_dispatch/middleware/executor.rb:14:in `call'
actionpack (7.0.4.2) lib/action_dispatch/middleware/actionable_exceptions.rb:17:in `call'
actionpack (7.0.4.2) lib/action_dispatch/middleware/debug_exceptions.rb:28:in `call'
web-console (4.2.0) lib/web_console/middleware.rb:132:in `call_app'
web-console (4.2.0) lib/web_console/middleware.rb:28:in `block in call'
web-console (4.2.0) lib/web_console/middleware.rb:17:in `catch'
web-console (4.2.0) lib/web_console/middleware.rb:17:in `call'
actionpack (7.0.4.2) lib/action_dispatch/middleware/show_exceptions.rb:26:in `call'
railties (7.0.4.2) lib/rails/rack/logger.rb:40:in `call_app'
railties (7.0.4.2) lib/rails/rack/logger.rb:25:in `block in call'
activesupport (7.0.4.2) lib/active_support/tagged_logging.rb:99:in `block in tagged'
activesupport (7.0.4.2) lib/active_support/tagged_logging.rb:37:in `tagged'
activesupport (7.0.4.2) lib/active_support/tagged_logging.rb:99:in `tagged'
railties (7.0.4.2) lib/rails/rack/logger.rb:25:in `call'
sprockets-rails (3.4.2) lib/sprockets/rails/quiet_assets.rb:13:in `call'
actionpack (7.0.4.2) lib/action_dispatch/middleware/remote_ip.rb:93:in `call'
actionpack (7.0.4.2) lib/action_dispatch/middleware/request_id.rb:26:in `call'
rack (2.2.6.2) lib/rack/method_override.rb:24:in `call'
rack (2.2.6.2) lib/rack/runtime.rb:22:in `call'
activesupport (7.0.4.2) lib/active_support/cache/strategy/local_cache_middleware.rb:29:in `call'
actionpack (7.0.4.2) lib/action_dispatch/middleware/server_timing.rb:61:in `block in call'
actionpack (7.0.4.2) lib/action_dispatch/middleware/server_timing.rb:26:in `collect_events'
actionpack (7.0.4.2) lib/action_dispatch/middleware/server_timing.rb:60:in `call'
actionpack (7.0.4.2) lib/action_dispatch/middleware/executor.rb:14:in `call'
actionpack (7.0.4.2) lib/action_dispatch/middleware/static.rb:23:in `call'
rack (2.2.6.2) lib/rack/sendfile.rb:110:in `call'
actionpack (7.0.4.2) lib/action_dispatch/middleware/host_authorization.rb:137:in `call'
railties (7.0.4.2) lib/rails/engine.rb:530:in `call'
puma (5.6.5) lib/puma/configuration.rb:252:in `call'
puma (5.6.5) lib/puma/request.rb:77:in `block in handle_request'
puma (5.6.5) lib/puma/thread_pool.rb:340:in `with_force_shutdown'
puma (5.6.5) lib/puma/request.rb:76:in `handle_request'
puma (5.6.5) lib/puma/server.rb:443:in `process_client'
puma (5.6.5) lib/puma/thread_pool.rb:147:in `block in spawn_thread'
Started POST "/rails/actions" for ::1 at 2023-02-22 16:11:18 +0000
  [1m[35m (0.2ms)[0m  [1m[34mSELECT pg_try_advisory_lock(1692001105169429145)[0m
  [1m[36mActiveRecord::SchemaMigration Pluck (0.2ms)[0m  [1m[34mSELECT "schema_migrations"."version" FROM "schema_migrations" ORDER BY "schema_migrations"."version" ASC[0m
Migrating to CreateFlats (20220318093229)
  [1m[36mTRANSACTION (0.2ms)[0m  [1m[35mBEGIN[0m
  [1m[35m (3.7ms)[0m  [1m[35mCREATE TABLE "flats" ("id" bigserial primary key, "name" character varying, "address" character varying, "picture_url" character varying, "description" text, "price_per_night" integer, "number_of_guests" integer, "created_at" timestamp(6) NOT NULL, "updated_at" timestamp(6) NOT NULL)[0m
  [1m[36mActiveRecord::SchemaMigration Create (0.5ms)[0m  [1m[32mINSERT INTO "schema_migrations" ("version") VALUES ($1) RETURNING "version"[0m  [["version", "20220318093229"]]
  [1m[36mTRANSACTION (0.4ms)[0m  [1m[35mCOMMIT[0m
  [1m[36mActiveRecord::InternalMetadata Load (0.4ms)[0m  [1m[34mSELECT "ar_internal_metadata".* FROM "ar_internal_metadata" WHERE "ar_internal_metadata"."key" = $1 LIMIT $2[0m  [["key", "environment"], ["LIMIT", 1]]
  [1m[36mTRANSACTION (0.1ms)[0m  [1m[35mBEGIN[0m
  [1m[36mActiveRecord::InternalMetadata Create (0.9ms)[0m  [1m[32mINSERT INTO "ar_internal_metadata" ("key", "value", "created_at", "updated_at") VALUES ($1, $2, $3, $4) RETURNING "key"[0m  [["key", "environment"], ["value", "development"], ["created_at", "2023-02-22 16:11:18.600236"], ["updated_at", "2023-02-22 16:11:18.600236"]]
  [1m[36mTRANSACTION (0.3ms)[0m  [1m[35mCOMMIT[0m
  [1m[35m (0.2ms)[0m  [1m[34mSELECT pg_advisory_unlock(1692001105169429145)[0m
  [1m[36mActiveRecord::SchemaMigration Pluck (0.2ms)[0m  [1m[34mSELECT "schema_migrations"."version" FROM "schema_migrations" ORDER BY "schema_migrations"."version" ASC[0m
Started GET "/" for ::1 at 2023-02-22 16:11:18 +0000
  [1m[36mActiveRecord::SchemaMigration Pluck (0.2ms)[0m  [1m[34mSELECT "schema_migrations"."version" FROM "schema_migrations" ORDER BY "schema_migrations"."version" ASC[0m
Processing by FlatsController#index as HTML
  Rendering layout layouts/application.html.erb
  Rendering flats/index.html.erb within layouts/application
  [1m[36mFlat Count (0.4ms)[0m  [1m[34mSELECT COUNT(*) FROM "flats"[0m
  ↳ app/views/flats/index.html.erb:13
  [1m[36mFlat Load (0.2ms)[0m  [1m[34mSELECT "flats".* FROM "flats"[0m
  ↳ app/views/flats/index.html.erb:19
  Rendered flats/index.html.erb within layouts/application (Duration: 4.9ms | Allocations: 2339)
  Rendered shared/_navbar.html.erb (Duration: 0.7ms | Allocations: 335)
  Rendered layout layouts/application.html.erb (Duration: 177.7ms | Allocations: 74262)
Completed 200 OK in 183ms (Views: 177.3ms | ActiveRecord: 1.5ms | Allocations: 76153)


Started GET "/?query=mm" for ::1 at 2023-02-22 16:11:43 +0000
Processing by FlatsController#index as HTML
  Parameters: {"query"=>"mm"}
  Rendering layout layouts/application.html.erb
  Rendering flats/index.html.erb within layouts/application
  [1m[36mFlat Count (0.3ms)[0m  [1m[34mSELECT COUNT(*) FROM "flats" WHERE (name LIKE '%mm%')[0m
  ↳ app/views/flats/index.html.erb:11
  [1m[36mFlat Count (0.2ms)[0m  [1m[34mSELECT COUNT(*) FROM "flats"[0m
  ↳ app/views/flats/index.html.erb:11
  [1m[36mFlat Load (0.2ms)[0m  [1m[34mSELECT "flats".* FROM "flats" WHERE (name LIKE '%mm%')[0m
  ↳ app/views/flats/index.html.erb:19
  Rendered flats/index.html.erb within layouts/application (Duration: 3.6ms | Allocations: 1668)
  Rendered shared/_navbar.html.erb (Duration: 0.2ms | Allocations: 94)
  Rendered layout layouts/application.html.erb (Duration: 7.3ms | Allocations: 4281)
Completed 200 OK in 9ms (Views: 6.8ms | ActiveRecord: 0.8ms | Allocations: 4633)


Started GET "/flats/new" for ::1 at 2023-02-22 16:11:47 +0000
Processing by FlatsController#new as HTML
  Rendering layout layouts/application.html.erb
  Rendering flats/new.html.erb within layouts/application
  Rendered flats/_form.html.erb (Duration: 83.1ms | Allocations: 19722)
  Rendered flats/new.html.erb within layouts/application (Duration: 84.3ms | Allocations: 19965)
  Rendered shared/_navbar.html.erb (Duration: 0.1ms | Allocations: 92)
  Rendered layout layouts/application.html.erb (Duration: 88.4ms | Allocations: 22383)
Completed 200 OK in 96ms (Views: 88.8ms | ActiveRecord: 1.6ms | Allocations: 26771)


Started POST "/flats" for ::1 at 2023-02-22 16:12:54 +0000
Processing by FlatsController#create as TURBO_STREAM
  Parameters: {"authenticity_token"=>"[FILTERED]", "flat"=>{"name"=>"Casa do Bernardo", "address"=>"Picoas", "picture_url"=>"twitch.tv/pokimane", "description"=>"Simp house", "price_per_night"=>"0", "number_of_guests"=>"2"}, "commit"=>"Create Flat"}
  [1m[36mTRANSACTION (0.1ms)[0m  [1m[35mBEGIN[0m
  ↳ app/controllers/flats_controller.rb:21:in `create'
  [1m[36mFlat Create (0.5ms)[0m  [1m[32mINSERT INTO "flats" ("name", "address", "picture_url", "description", "price_per_night", "number_of_guests", "created_at", "updated_at") VALUES ($1, $2, $3, $4, $5, $6, $7, $8) RETURNING "id"[0m  [["name", "Casa do Bernardo"], ["address", "Picoas"], ["picture_url", "twitch.tv/pokimane"], ["description", "Simp house"], ["price_per_night", 0], ["number_of_guests", 2], ["created_at", "2023-02-22 16:12:54.357360"], ["updated_at", "2023-02-22 16:12:54.357360"]]
  ↳ app/controllers/flats_controller.rb:21:in `create'
  [1m[36mTRANSACTION (0.2ms)[0m  [1m[35mCOMMIT[0m
  ↳ app/controllers/flats_controller.rb:21:in `create'
Redirected to http://[::1]:3000/flats
Completed 302 Found in 6ms (ActiveRecord: 0.8ms | Allocations: 2804)


Started GET "/flats" for ::1 at 2023-02-22 16:12:54 +0000
Processing by FlatsController#index as TURBO_STREAM
  Rendering layout layouts/application.html.erb
  Rendering flats/index.html.erb within layouts/application
  [1m[36mFlat Count (0.2ms)[0m  [1m[34mSELECT COUNT(*) FROM "flats"[0m
  ↳ app/views/flats/index.html.erb:13
  [1m[36mFlat Load (0.2ms)[0m  [1m[34mSELECT "flats".* FROM "flats"[0m
  ↳ app/views/flats/index.html.erb:19
  Rendered flats/index.html.erb within layouts/application (Duration: 2.6ms | Allocations: 1392)
  Rendered shared/_navbar.html.erb (Duration: 0.1ms | Allocations: 86)
  Rendered layout layouts/application.html.erb (Duration: 6.1ms | Allocations: 3953)
Completed 200 OK in 7ms (Views: 6.1ms | ActiveRecord: 0.4ms | Allocations: 4299)


Started GET "/twitch.tv/pokimane" for ::1 at 2023-02-22 16:12:54 +0000
  
ActionController::RoutingError (No route matches [GET] "/twitch.tv/pokimane"):
  
Started GET "/flats/1/edit" for ::1 at 2023-02-22 16:12:59 +0000
Processing by FlatsController#edit as HTML
  Parameters: {"id"=>"1"}
  [1m[36mFlat Load (0.2ms)[0m  [1m[34mSELECT "flats".* FROM "flats" WHERE "flats"."id" = $1 LIMIT $2[0m  [["id", 1], ["LIMIT", 1]]
  ↳ app/controllers/flats_controller.rb:50:in `set_flat'
  Rendering layout layouts/application.html.erb
  Rendering flats/edit.html.erb within layouts/application
  Rendered flats/_form.html.erb (Duration: 5.9ms | Allocations: 4557)
  Rendered flats/edit.html.erb within layouts/application (Duration: 6.6ms | Allocations: 4726)
  Rendered shared/_navbar.html.erb (Duration: 0.2ms | Allocations: 87)
  Rendered layout layouts/application.html.erb (Duration: 9.9ms | Allocations: 7101)
Completed 200 OK in 13ms (Views: 10.3ms | ActiveRecord: 0.2ms | Allocations: 8680)


Started PATCH "/flats/1" for ::1 at 2023-02-22 16:13:02 +0000
Processing by FlatsController#update as TURBO_STREAM
  Parameters: {"authenticity_token"=>"[FILTERED]", "flat"=>{"name"=>"Casa do Bernardo", "address"=>"Picoas", "picture_url"=>"twitch.tv/pokimane", "description"=>"Simp house", "price_per_night"=>"0", "number_of_guests"=>"2"}, "commit"=>"Update Flat", "id"=>"1"}
  [1m[36mFlat Load (0.2ms)[0m  [1m[34mSELECT "flats".* FROM "flats" WHERE "flats"."id" = $1 LIMIT $2[0m  [["id", 1], ["LIMIT", 1]]
  ↳ app/controllers/flats_controller.rb:50:in `set_flat'
Redirected to http://[::1]:3000/flats/1
Completed 302 Found in 3ms (ActiveRecord: 0.2ms | Allocations: 1281)


Started GET "/flats/1" for ::1 at 2023-02-22 16:13:02 +0000
Processing by FlatsController#show as TURBO_STREAM
  Parameters: {"id"=>"1"}
  [1m[36mFlat Load (0.2ms)[0m  [1m[34mSELECT "flats".* FROM "flats" WHERE "flats"."id" = $1 LIMIT $2[0m  [["id", 1], ["LIMIT", 1]]
  ↳ app/controllers/flats_controller.rb:50:in `set_flat'
  Rendering layout layouts/application.html.erb
  Rendering flats/show.html.erb within layouts/application
  Rendered flats/show.html.erb within layouts/application (Duration: 0.8ms | Allocations: 285)
  Rendered shared/_navbar.html.erb (Duration: 0.2ms | Allocations: 95)
  Rendered layout layouts/application.html.erb (Duration: 4.4ms | Allocations: 2826)
Completed 200 OK in 7ms (Views: 4.8ms | ActiveRecord: 0.2ms | Allocations: 3634)


Started GET "/flats/twitch.tv/pokimane" for ::1 at 2023-02-22 16:13:02 +0000
  
ActionController::RoutingError (No route matches [GET] "/flats/twitch.tv/pokimane"):
  
Started GET "/flats/1/edit" for ::1 at 2023-02-22 16:17:05 +0000
Processing by FlatsController#edit as HTML
  Parameters: {"id"=>"1"}
  [1m[36mFlat Load (0.2ms)[0m  [1m[34mSELECT "flats".* FROM "flats" WHERE "flats"."id" = $1 LIMIT $2[0m  [["id", 1], ["LIMIT", 1]]
  ↳ app/controllers/flats_controller.rb:50:in `set_flat'
  Rendering layout layouts/application.html.erb
  Rendering flats/edit.html.erb within layouts/application
  Rendered flats/_form.html.erb (Duration: 5.6ms | Allocations: 4293)
  Rendered flats/edit.html.erb within layouts/application (Duration: 5.8ms | Allocations: 4353)
  Rendered shared/_navbar.html.erb (Duration: 0.2ms | Allocations: 85)
  Rendered layout layouts/application.html.erb (Duration: 10.4ms | Allocations: 6639)
Completed 200 OK in 13ms (Views: 10.8ms | ActiveRecord: 0.2ms | Allocations: 7393)


Started GET "/flats" for ::1 at 2023-02-22 16:17:07 +0000
Processing by FlatsController#index as HTML
  Rendering layout layouts/application.html.erb
  Rendering flats/index.html.erb within layouts/application
  [1m[36mFlat Count (0.2ms)[0m  [1m[34mSELECT COUNT(*) FROM "flats"[0m
  ↳ app/views/flats/index.html.erb:13
  [1m[36mFlat Load (0.2ms)[0m  [1m[34mSELECT "flats".* FROM "flats"[0m
  ↳ app/views/flats/index.html.erb:19
  Rendered flats/index.html.erb within layouts/application (Duration: 2.5ms | Allocations: 1299)
  Rendered shared/_navbar.html.erb (Duration: 0.1ms | Allocations: 86)
  Rendered layout layouts/application.html.erb (Duration: 6.2ms | Allocations: 3818)
Completed 200 OK in 7ms (Views: 6.3ms | ActiveRecord: 0.4ms | Allocations: 4086)


Started GET "/twitch.tv/pokimane" for ::1 at 2023-02-22 16:17:07 +0000
  
ActionController::RoutingError (No route matches [GET] "/twitch.tv/pokimane"):
  
Started GET "/flats/1" for ::1 at 2023-02-22 16:22:39 +0000
Processing by FlatsController#show as HTML
  Parameters: {"id"=>"1"}
  [1m[36mFlat Load (0.8ms)[0m  [1m[34mSELECT "flats".* FROM "flats" WHERE "flats"."id" = $1 LIMIT $2[0m  [["id", 1], ["LIMIT", 1]]
  ↳ app/controllers/flats_controller.rb:50:in `set_flat'
  Rendering layout layouts/application.html.erb
  Rendering flats/show.html.erb within layouts/application
  Rendered flats/show.html.erb within layouts/application (Duration: 0.1ms | Allocations: 22)
  Rendered shared/_navbar.html.erb (Duration: 0.2ms | Allocations: 95)
  Rendered layout layouts/application.html.erb (Duration: 5.4ms | Allocations: 2550)
Completed 200 OK in 9ms (Views: 5.9ms | ActiveRecord: 0.8ms | Allocations: 3490)


Started GET "/flats/1/edit" for ::1 at 2023-02-22 16:22:44 +0000
Processing by FlatsController#edit as HTML
  Parameters: {"id"=>"1"}
  [1m[36mFlat Load (0.9ms)[0m  [1m[34mSELECT "flats".* FROM "flats" WHERE "flats"."id" = $1 LIMIT $2[0m  [["id", 1], ["LIMIT", 1]]
  ↳ app/controllers/flats_controller.rb:50:in `set_flat'
  Rendering layout layouts/application.html.erb
  Rendering flats/edit.html.erb within layouts/application
  Rendered flats/_form.html.erb (Duration: 5.4ms | Allocations: 4288)
  Rendered flats/edit.html.erb within layouts/application (Duration: 5.6ms | Allocations: 4348)
  Rendered shared/_navbar.html.erb (Duration: 0.1ms | Allocations: 85)
  Rendered layout layouts/application.html.erb (Duration: 8.9ms | Allocations: 6619)
Completed 200 OK in 12ms (Views: 9.3ms | ActiveRecord: 0.9ms | Allocations: 7367)


Started PATCH "/flats/1" for ::1 at 2023-02-22 16:23:22 +0000
Processing by FlatsController#update as TURBO_STREAM
  Parameters: {"authenticity_token"=>"[FILTERED]", "flat"=>{"name"=>"Casa do Bernardo", "address"=>"Picoas", "picture_url"=>"https://static-cdn.jtvnw.net/jtv_user_pictures/6cd4de40-1a83-46c7-aea5-3bd73f90e7e4-profile_image-70x70.png", "description"=>"Simp house", "price_per_night"=>"0", "number_of_guests"=>"2"}, "commit"=>"Update Flat", "id"=>"1"}
  [1m[36mFlat Load (0.2ms)[0m  [1m[34mSELECT "flats".* FROM "flats" WHERE "flats"."id" = $1 LIMIT $2[0m  [["id", 1], ["LIMIT", 1]]
  ↳ app/controllers/flats_controller.rb:50:in `set_flat'
  [1m[36mTRANSACTION (0.2ms)[0m  [1m[35mBEGIN[0m
  ↳ app/controllers/flats_controller.rb:35:in `update'
  [1m[36mFlat Update (1.8ms)[0m  [1m[33mUPDATE "flats" SET "picture_url" = $1, "updated_at" = $2 WHERE "flats"."id" = $3[0m  [["picture_url", "https://static-cdn.jtvnw.net/jtv_user_pictures/6cd4de40-1a83-46c7-aea5-3bd73f90e7e4-profile_image-70x70.png"], ["updated_at", "2023-02-22 16:23:22.397455"], ["id", 1]]
  ↳ app/controllers/flats_controller.rb:35:in `update'
  [1m[36mTRANSACTION (0.3ms)[0m  [1m[35mCOMMIT[0m
  ↳ app/controllers/flats_controller.rb:35:in `update'
Redirected to http://[::1]:3000/flats/1
Completed 302 Found in 14ms (ActiveRecord: 2.5ms | Allocations: 2929)


Started GET "/flats/1" for ::1 at 2023-02-22 16:23:22 +0000
Processing by FlatsController#show as TURBO_STREAM
  Parameters: {"id"=>"1"}
  [1m[36mFlat Load (0.2ms)[0m  [1m[34mSELECT "flats".* FROM "flats" WHERE "flats"."id" = $1 LIMIT $2[0m  [["id", 1], ["LIMIT", 1]]
  ↳ app/controllers/flats_controller.rb:50:in `set_flat'
  Rendering layout layouts/application.html.erb
  Rendering flats/show.html.erb within layouts/application
  Rendered flats/show.html.erb within layouts/application (Duration: 0.1ms | Allocations: 23)
  Rendered shared/_navbar.html.erb (Duration: 0.7ms | Allocations: 95)
  Rendered layout layouts/application.html.erb (Duration: 8.5ms | Allocations: 2564)
Completed 200 OK in 11ms (Views: 9.0ms | ActiveRecord: 0.2ms | Allocations: 3315)


Started GET "/" for ::1 at 2023-02-22 16:23:28 +0000
Processing by FlatsController#index as HTML
  Rendering layout layouts/application.html.erb
  Rendering flats/index.html.erb within layouts/application
  [1m[36mFlat Count (0.3ms)[0m  [1m[34mSELECT COUNT(*) FROM "flats"[0m
  ↳ app/views/flats/index.html.erb:13
  [1m[36mFlat Load (0.2ms)[0m  [1m[34mSELECT "flats".* FROM "flats"[0m
  ↳ app/views/flats/index.html.erb:19
  Rendered flats/index.html.erb within layouts/application (Duration: 3.6ms | Allocations: 1281)
  Rendered shared/_navbar.html.erb (Duration: 0.1ms | Allocations: 86)
  Rendered layout layouts/application.html.erb (Duration: 7.5ms | Allocations: 3806)
Completed 200 OK in 9ms (Views: 7.5ms | ActiveRecord: 0.5ms | Allocations: 4072)


Started GET "/?query=css" for ::1 at 2023-02-22 16:28:20 +0000
Processing by FlatsController#index as HTML
  Parameters: {"query"=>"css"}
  Rendering layout layouts/application.html.erb
  Rendering flats/index.html.erb within layouts/application
  [1m[36mFlat Count (0.7ms)[0m  [1m[34mSELECT COUNT(*) FROM "flats" WHERE (name LIKE '%css%')[0m
  ↳ app/views/flats/index.html.erb:11
  [1m[36mFlat Count (0.2ms)[0m  [1m[34mSELECT COUNT(*) FROM "flats"[0m
  ↳ app/views/flats/index.html.erb:11
  [1m[36mFlat Load (0.6ms)[0m  [1m[34mSELECT "flats".* FROM "flats" WHERE (name LIKE '%css%')[0m
  ↳ app/views/flats/index.html.erb:19
  Rendered flats/index.html.erb within layouts/application (Duration: 4.5ms | Allocations: 1646)
  Rendered shared/_navbar.html.erb (Duration: 0.2ms | Allocations: 94)
  Rendered layout layouts/application.html.erb (Duration: 8.6ms | Allocations: 4174)
Completed 200 OK in 10ms (Views: 7.6ms | ActiveRecord: 1.5ms | Allocations: 4479)


Started GET "/?query=casa" for ::1 at 2023-02-22 16:28:23 +0000
Processing by FlatsController#index as HTML
  Parameters: {"query"=>"casa"}
  Rendering layout layouts/application.html.erb
  Rendering flats/index.html.erb within layouts/application
  [1m[36mFlat Count (0.3ms)[0m  [1m[34mSELECT COUNT(*) FROM "flats" WHERE (name LIKE '%casa%')[0m
  ↳ app/views/flats/index.html.erb:11
  [1m[36mFlat Count (0.2ms)[0m  [1m[34mSELECT COUNT(*) FROM "flats"[0m
  ↳ app/views/flats/index.html.erb:11
  [1m[36mFlat Load (0.2ms)[0m  [1m[34mSELECT "flats".* FROM "flats" WHERE (name LIKE '%casa%')[0m
  ↳ app/views/flats/index.html.erb:19
  Rendered flats/index.html.erb within layouts/application (Duration: 3.3ms | Allocations: 1639)
  Rendered shared/_navbar.html.erb (Duration: 0.2ms | Allocations: 94)
  Rendered layout layouts/application.html.erb (Duration: 6.9ms | Allocations: 4176)
Completed 200 OK in 8ms (Views: 6.7ms | ActiveRecord: 0.7ms | Allocations: 4470)


Started GET "/?query=" for ::1 at 2023-02-22 16:28:30 +0000
Processing by FlatsController#index as HTML
  Parameters: {"query"=>""}
  Rendering layout layouts/application.html.erb
  Rendering flats/index.html.erb within layouts/application
  [1m[36mFlat Count (0.2ms)[0m  [1m[34mSELECT COUNT(*) FROM "flats"[0m
  ↳ app/views/flats/index.html.erb:13
  [1m[36mFlat Load (0.2ms)[0m  [1m[34mSELECT "flats".* FROM "flats"[0m
  ↳ app/views/flats/index.html.erb:19
  Rendered flats/index.html.erb within layouts/application (Duration: 2.9ms | Allocations: 1281)
  Rendered shared/_navbar.html.erb (Duration: 0.2ms | Allocations: 85)
  Rendered layout layouts/application.html.erb (Duration: 6.8ms | Allocations: 3805)
Completed 200 OK in 8ms (Views: 6.9ms | ActiveRecord: 0.4ms | Allocations: 4069)


Started GET "/?query=Casa" for ::1 at 2023-02-22 16:28:35 +0000
Processing by FlatsController#index as HTML
  Parameters: {"query"=>"Casa"}
  Rendering layout layouts/application.html.erb
  Rendering flats/index.html.erb within layouts/application
  [1m[36mFlat Count (0.3ms)[0m  [1m[34mSELECT COUNT(*) FROM "flats" WHERE (name LIKE '%Casa%')[0m
  ↳ app/views/flats/index.html.erb:11
  [1m[36mFlat Count (0.3ms)[0m  [1m[34mSELECT COUNT(*) FROM "flats"[0m
  ↳ app/views/flats/index.html.erb:11
  [1m[36mFlat Load (0.2ms)[0m  [1m[34mSELECT "flats".* FROM "flats" WHERE (name LIKE '%Casa%')[0m
  ↳ app/views/flats/index.html.erb:19
  Rendered flats/index.html.erb within layouts/application (Duration: 4.8ms | Allocations: 1818)
  Rendered shared/_navbar.html.erb (Duration: 0.1ms | Allocations: 85)
  Rendered layout layouts/application.html.erb (Duration: 9.1ms | Allocations: 4342)
Completed 200 OK in 10ms (Views: 8.7ms | ActiveRecord: 0.8ms | Allocations: 4636)


Started GET "/?query=Casa" for ::1 at 2023-02-22 16:28:38 +0000
Processing by FlatsController#index as HTML
  Parameters: {"query"=>"Casa"}
  Rendering layout layouts/application.html.erb
  Rendering flats/index.html.erb within layouts/application
  [1m[36mFlat Count (0.2ms)[0m  [1m[34mSELECT COUNT(*) FROM "flats" WHERE (name LIKE '%Casa%')[0m
  ↳ app/views/flats/index.html.erb:11
  [1m[36mFlat Count (0.3ms)[0m  [1m[34mSELECT COUNT(*) FROM "flats"[0m
  ↳ app/views/flats/index.html.erb:11
  [1m[36mFlat Load (0.2ms)[0m  [1m[34mSELECT "flats".* FROM "flats" WHERE (name LIKE '%Casa%')[0m
  ↳ app/views/flats/index.html.erb:19
  Rendered flats/index.html.erb within layouts/application (Duration: 4.6ms | Allocations: 1818)
  Rendered shared/_navbar.html.erb (Duration: 0.1ms | Allocations: 85)
  Rendered layout layouts/application.html.erb (Duration: 8.8ms | Allocations: 4336)
Completed 200 OK in 10ms (Views: 8.4ms | ActiveRecord: 0.7ms | Allocations: 4630)


Started GET "/?query=Casa" for ::1 at 2023-02-22 16:28:39 +0000
Processing by FlatsController#index as HTML
  Parameters: {"query"=>"Casa"}
  Rendering layout layouts/application.html.erb
  Rendering flats/index.html.erb within layouts/application
  [1m[36mFlat Count (0.3ms)[0m  [1m[34mSELECT COUNT(*) FROM "flats" WHERE (name LIKE '%Casa%')[0m
  ↳ app/views/flats/index.html.erb:11
  [1m[36mFlat Count (0.2ms)[0m  [1m[34mSELECT COUNT(*) FROM "flats"[0m
  ↳ app/views/flats/index.html.erb:11
  [1m[36mFlat Load (0.2ms)[0m  [1m[34mSELECT "flats".* FROM "flats" WHERE (name LIKE '%Casa%')[0m
  ↳ app/views/flats/index.html.erb:19
  Rendered flats/index.html.erb within layouts/application (Duration: 3.6ms | Allocations: 1818)
  Rendered shared/_navbar.html.erb (Duration: 0.1ms | Allocations: 85)
  Rendered layout layouts/application.html.erb (Duration: 7.8ms | Allocations: 4339)
Completed 200 OK in 9ms (Views: 7.6ms | ActiveRecord: 0.7ms | Allocations: 4633)


Started GET "/?query=Casa" for ::1 at 2023-02-22 16:28:39 +0000
Processing by FlatsController#index as HTML
  Parameters: {"query"=>"Casa"}
  Rendering layout layouts/application.html.erb
  Rendering flats/index.html.erb within layouts/application
  [1m[36mFlat Count (0.4ms)[0m  [1m[34mSELECT COUNT(*) FROM "flats" WHERE (name LIKE '%Casa%')[0m
  ↳ app/views/flats/index.html.erb:11
  [1m[36mFlat Count (0.2ms)[0m  [1m[34mSELECT COUNT(*) FROM "flats"[0m
  ↳ app/views/flats/index.html.erb:11
  [1m[36mFlat Load (0.2ms)[0m  [1m[34mSELECT "flats".* FROM "flats" WHERE (name LIKE '%Casa%')[0m
  ↳ app/views/flats/index.html.erb:19
  Rendered flats/index.html.erb within layouts/application (Duration: 4.4ms | Allocations: 1818)
  Rendered shared/_navbar.html.erb (Duration: 0.1ms | Allocations: 85)
  Rendered layout layouts/application.html.erb (Duration: 9.0ms | Allocations: 4376)
Completed 200 OK in 10ms (Views: 8.6ms | ActiveRecord: 0.8ms | Allocations: 4672)


Started GET "/?query=Casa" for ::1 at 2023-02-22 16:28:39 +0000
Processing by FlatsController#index as HTML
  Parameters: {"query"=>"Casa"}
  Rendering layout layouts/application.html.erb
  Rendering flats/index.html.erb within layouts/application
  [1m[36mFlat Count (0.3ms)[0m  [1m[34mSELECT COUNT(*) FROM "flats" WHERE (name LIKE '%Casa%')[0m
  ↳ app/views/flats/index.html.erb:11
  [1m[36mFlat Count (0.2ms)[0m  [1m[34mSELECT COUNT(*) FROM "flats"[0m
  ↳ app/views/flats/index.html.erb:11
  [1m[36mFlat Load (0.2ms)[0m  [1m[34mSELECT "flats".* FROM "flats" WHERE (name LIKE '%Casa%')[0m
  ↳ app/views/flats/index.html.erb:19
  Rendered flats/index.html.erb within layouts/application (Duration: 3.2ms | Allocations: 1818)
  Rendered shared/_navbar.html.erb (Duration: 0.2ms | Allocations: 85)
  Rendered layout layouts/application.html.erb (Duration: 7.7ms | Allocations: 4333)
Completed 200 OK in 9ms (Views: 7.4ms | ActiveRecord: 0.7ms | Allocations: 4627)


Started GET "/?query=Casa" for ::1 at 2023-02-22 16:28:40 +0000
Processing by FlatsController#index as HTML
  Parameters: {"query"=>"Casa"}
  Rendering layout layouts/application.html.erb
  Rendering flats/index.html.erb within layouts/application
  [1m[36mFlat Count (0.3ms)[0m  [1m[34mSELECT COUNT(*) FROM "flats" WHERE (name LIKE '%Casa%')[0m
  ↳ app/views/flats/index.html.erb:11
  [1m[36mFlat Count (0.2ms)[0m  [1m[34mSELECT COUNT(*) FROM "flats"[0m
  ↳ app/views/flats/index.html.erb:11
  [1m[36mFlat Load (0.2ms)[0m  [1m[34mSELECT "flats".* FROM "flats" WHERE (name LIKE '%Casa%')[0m
  ↳ app/views/flats/index.html.erb:19
  Rendered flats/index.html.erb within layouts/application (Duration: 3.5ms | Allocations: 1818)
  Rendered shared/_navbar.html.erb (Duration: 0.2ms | Allocations: 85)
  Rendered layout layouts/application.html.erb (Duration: 8.1ms | Allocations: 4351)
Completed 200 OK in 9ms (Views: 7.8ms | ActiveRecord: 0.7ms | Allocations: 4645)


Started GET "/?query=casa" for ::1 at 2023-02-22 16:28:43 +0000
Processing by FlatsController#index as HTML
  Parameters: {"query"=>"casa"}
  Rendering layout layouts/application.html.erb
  Rendering flats/index.html.erb within layouts/application
  [1m[36mFlat Count (0.3ms)[0m  [1m[34mSELECT COUNT(*) FROM "flats" WHERE (name LIKE '%casa%')[0m
  ↳ app/views/flats/index.html.erb:11
  [1m[36mFlat Count (0.2ms)[0m  [1m[34mSELECT COUNT(*) FROM "flats"[0m
  ↳ app/views/flats/index.html.erb:11
  [1m[36mFlat Load (0.2ms)[0m  [1m[34mSELECT "flats".* FROM "flats" WHERE (name LIKE '%casa%')[0m
  ↳ app/views/flats/index.html.erb:19
  Rendered flats/index.html.erb within layouts/application (Duration: 3.1ms | Allocations: 1639)
  Rendered shared/_navbar.html.erb (Duration: 0.2ms | Allocations: 94)
  Rendered layout layouts/application.html.erb (Duration: 6.5ms | Allocations: 4182)
Completed 200 OK in 8ms (Views: 6.3ms | ActiveRecord: 0.6ms | Allocations: 4478)


Started GET "/?query=" for ::1 at 2023-02-22 16:28:51 +0000
Processing by FlatsController#index as HTML
  Parameters: {"query"=>""}
  Rendering layout layouts/application.html.erb
  Rendering flats/index.html.erb within layouts/application
  [1m[36mFlat Count (0.2ms)[0m  [1m[34mSELECT COUNT(*) FROM "flats"[0m
  ↳ app/views/flats/index.html.erb:13
  [1m[36mFlat Load (0.2ms)[0m  [1m[34mSELECT "flats".* FROM "flats"[0m
  ↳ app/views/flats/index.html.erb:19
  Rendered flats/index.html.erb within layouts/application (Duration: 2.6ms | Allocations: 1281)
  Rendered shared/_navbar.html.erb (Duration: 0.1ms | Allocations: 85)
  Rendered layout layouts/application.html.erb (Duration: 6.2ms | Allocations: 3807)
Completed 200 OK in 7ms (Views: 6.2ms | ActiveRecord: 0.4ms | Allocations: 4072)


Started GET "/?query=" for ::1 at 2023-02-22 16:44:37 +0000
Processing by FlatsController#index as HTML
  Parameters: {"query"=>""}
  Rendering layout layouts/application.html.erb
  Rendering flats/index.html.erb within layouts/application
  [1m[36mFlat Count (0.5ms)[0m  [1m[34mSELECT COUNT(*) FROM "flats"[0m
  ↳ app/views/flats/index.html.erb:13
  [1m[36mFlat Load (0.1ms)[0m  [1m[34mSELECT "flats".* FROM "flats"[0m
  ↳ app/views/flats/index.html.erb:19
  Rendered flats/index.html.erb within layouts/application (Duration: 28.5ms | Allocations: 4220)
  Rendered shared/_navbar.html.erb (Duration: 0.2ms | Allocations: 85)
  Rendered layout layouts/application.html.erb (Duration: 39.0ms | Allocations: 6747)
Completed 200 OK in 42ms (Views: 41.4ms | ActiveRecord: 8.7ms | Allocations: 7007)


Started POST "/?query=&wyp=1" for ::1 at 2023-02-22 16:44:38 +0000
  
ActionController::RoutingError (No route matches [POST] "/"):
  
Started GET "/?query=&wyp=1" for ::1 at 2023-02-22 16:48:28 +0000
Processing by FlatsController#index as HTML
  Parameters: {"query"=>"", "wyp"=>"1"}
  Rendering layout layouts/application.html.erb
  Rendering flats/index.html.erb within layouts/application
  [1m[36mFlat Count (0.4ms)[0m  [1m[34mSELECT COUNT(*) FROM "flats"[0m
  ↳ app/views/flats/index.html.erb:13
  [1m[36mFlat Load (0.2ms)[0m  [1m[34mSELECT "flats".* FROM "flats"[0m
  ↳ app/views/flats/index.html.erb:19
  Rendered flats/index.html.erb within layouts/application (Duration: 3.5ms | Allocations: 1281)
  Rendered shared/_navbar.html.erb (Duration: 0.2ms | Allocations: 85)
  Rendered layout layouts/application.html.erb (Duration: 13.7ms | Allocations: 5142)
Completed 200 OK in 15ms (Views: 13.4ms | ActiveRecord: 0.7ms | Allocations: 5404)


Started GET "/?query=" for ::1 at 2023-02-22 16:48:31 +0000
Processing by FlatsController#index as HTML
  Parameters: {"query"=>""}
  Rendering layout layouts/application.html.erb
  Rendering flats/index.html.erb within layouts/application
  [1m[36mFlat Count (0.3ms)[0m  [1m[34mSELECT COUNT(*) FROM "flats"[0m
  ↳ app/views/flats/index.html.erb:13
  [1m[36mFlat Load (0.1ms)[0m  [1m[34mSELECT "flats".* FROM "flats"[0m
  ↳ app/views/flats/index.html.erb:19
  Rendered flats/index.html.erb within layouts/application (Duration: 2.4ms | Allocations: 1281)
  Rendered shared/_navbar.html.erb (Duration: 0.1ms | Allocations: 85)
  Rendered layout layouts/application.html.erb (Duration: 6.6ms | Allocations: 3811)
Completed 200 OK in 7ms (Views: 6.5ms | ActiveRecord: 0.4ms | Allocations: 4075)


Started GET "/?query=casa" for ::1 at 2023-02-22 16:48:32 +0000
Processing by FlatsController#index as HTML
  Parameters: {"query"=>"casa"}
  Rendering layout layouts/application.html.erb
  Rendering flats/index.html.erb within layouts/application
  [1m[36mFlat Count (0.4ms)[0m  [1m[34mSELECT COUNT(*) FROM "flats" WHERE (name LIKE '%casa%')[0m
  ↳ app/views/flats/index.html.erb:11
  [1m[36mFlat Count (0.2ms)[0m  [1m[34mSELECT COUNT(*) FROM "flats"[0m
  ↳ app/views/flats/index.html.erb:11
  [1m[36mFlat Load (0.2ms)[0m  [1m[34mSELECT "flats".* FROM "flats" WHERE (name LIKE '%casa%')[0m
  ↳ app/views/flats/index.html.erb:19
  Rendered flats/index.html.erb within layouts/application (Duration: 3.0ms | Allocations: 1639)
  Rendered shared/_navbar.html.erb (Duration: 0.2ms | Allocations: 94)
  Rendered layout layouts/application.html.erb (Duration: 7.2ms | Allocations: 4179)
Completed 200 OK in 8ms (Views: 6.8ms | ActiveRecord: 0.7ms | Allocations: 4473)


Started GET "/" for ::1 at 2023-02-22 16:48:33 +0000
Processing by FlatsController#index as HTML
  Rendering layout layouts/application.html.erb
  Rendering flats/index.html.erb within layouts/application
  [1m[36mFlat Count (0.3ms)[0m  [1m[34mSELECT COUNT(*) FROM "flats"[0m
  ↳ app/views/flats/index.html.erb:13
  [1m[36mFlat Load (0.2ms)[0m  [1m[34mSELECT "flats".* FROM "flats"[0m
  ↳ app/views/flats/index.html.erb:19
  Rendered flats/index.html.erb within layouts/application (Duration: 2.5ms | Allocations: 1281)
  Rendered shared/_navbar.html.erb (Duration: 0.1ms | Allocations: 86)
  Rendered layout layouts/application.html.erb (Duration: 6.4ms | Allocations: 3806)
Completed 200 OK in 7ms (Views: 6.3ms | ActiveRecord: 0.5ms | Allocations: 4072)


Started GET "/" for ::1 at 2023-02-22 16:48:53 +0000
Processing by FlatsController#index as HTML
  Rendering layout layouts/application.html.erb
  Rendering flats/index.html.erb within layouts/application
  [1m[36mFlat Count (0.2ms)[0m  [1m[34mSELECT COUNT(*) FROM "flats"[0m
  ↳ app/views/flats/index.html.erb:13
  [1m[36mFlat Load (0.2ms)[0m  [1m[34mSELECT "flats".* FROM "flats"[0m
  ↳ app/views/flats/index.html.erb:19
  Rendered flats/index.html.erb within layouts/application (Duration: 2.6ms | Allocations: 1281)
  Rendered shared/_navbar.html.erb (Duration: 0.1ms | Allocations: 86)
  Rendered layout layouts/application.html.erb (Duration: 5.9ms | Allocations: 3809)
Completed 200 OK in 7ms (Views: 5.9ms | ActiveRecord: 0.4ms | Allocations: 4073)


Started POST "/?wyp=1" for ::1 at 2023-02-22 16:48:53 +0000
  
ActionController::RoutingError (No route matches [POST] "/"):
  
Started GET "/?wyp=1" for ::1 at 2023-02-22 16:50:25 +0000
Processing by FlatsController#index as HTML
  Parameters: {"wyp"=>"1"}
  Rendering layout layouts/application.html.erb
  Rendering flats/index.html.erb within layouts/application
  [1m[36mFlat Count (0.3ms)[0m  [1m[34mSELECT COUNT(*) FROM "flats"[0m
  ↳ app/views/flats/index.html.erb:13
  [1m[36mFlat Load (0.2ms)[0m  [1m[34mSELECT "flats".* FROM "flats"[0m
  ↳ app/views/flats/index.html.erb:19
  Rendered flats/index.html.erb within layouts/application (Duration: 2.8ms | Allocations: 1281)
  Rendered shared/_navbar.html.erb (Duration: 0.2ms | Allocations: 86)
  Rendered layout layouts/application.html.erb (Duration: 13.1ms | Allocations: 5079)
Completed 200 OK in 15ms (Views: 13.0ms | ActiveRecord: 0.5ms | Allocations: 5343)


Started GET "/" for ::1 at 2023-02-22 16:50:27 +0000
Processing by FlatsController#index as HTML
  Rendering layout layouts/application.html.erb
  Rendering flats/index.html.erb within layouts/application
  [1m[36mFlat Count (0.3ms)[0m  [1m[34mSELECT COUNT(*) FROM "flats"[0m
  ↳ app/views/flats/index.html.erb:13
  [1m[36mFlat Load (0.2ms)[0m  [1m[34mSELECT "flats".* FROM "flats"[0m
  ↳ app/views/flats/index.html.erb:19
  Rendered flats/index.html.erb within layouts/application (Duration: 2.9ms | Allocations: 1281)
  Rendered shared/_navbar.html.erb (Duration: 0.1ms | Allocations: 86)
  Rendered layout layouts/application.html.erb (Duration: 6.6ms | Allocations: 3812)
Completed 200 OK in 7ms (Views: 6.5ms | ActiveRecord: 0.4ms | Allocations: 4080)


Started GET "/" for ::1 at 2023-02-22 16:50:38 +0000
Processing by FlatsController#index as HTML
  Rendering layout layouts/application.html.erb
  Rendering flats/index.html.erb within layouts/application
  [1m[36mFlat Count (0.3ms)[0m  [1m[34mSELECT COUNT(*) FROM "flats"[0m
  ↳ app/views/flats/index.html.erb:13
  [1m[36mFlat Load (0.2ms)[0m  [1m[34mSELECT "flats".* FROM "flats"[0m
  ↳ app/views/flats/index.html.erb:19
  Rendered flats/index.html.erb within layouts/application (Duration: 2.9ms | Allocations: 1281)
  Rendered shared/_navbar.html.erb (Duration: 0.3ms | Allocations: 86)
  Rendered layout layouts/application.html.erb (Duration: 6.7ms | Allocations: 3827)
Completed 200 OK in 8ms (Views: 6.7ms | ActiveRecord: 0.5ms | Allocations: 4091)


Started POST "/?wyp=1" for ::1 at 2023-02-22 16:50:39 +0000
  
ActionController::RoutingError (No route matches [POST] "/"):
  
Started GET "/" for ::1 at 2023-02-22 16:54:55 +0000
Processing by FlatsController#index as HTML
  Rendering layout layouts/application.html.erb
  Rendering flats/index.html.erb within layouts/application
  [1m[36mFlat Count (0.3ms)[0m  [1m[34mSELECT COUNT(*) FROM "flats"[0m
  ↳ app/views/flats/index.html.erb:13
  [1m[36mFlat Load (0.2ms)[0m  [1m[34mSELECT "flats".* FROM "flats"[0m
  ↳ app/views/flats/index.html.erb:19
  Rendered flats/index.html.erb within layouts/application (Duration: 2.6ms | Allocations: 1281)
  Rendered shared/_navbar.html.erb (Duration: 0.2ms | Allocations: 86)
  Rendered layout layouts/application.html.erb (Duration: 16.3ms | Allocations: 5112)
Completed 200 OK in 18ms (Views: 16.2ms | ActiveRecord: 0.4ms | Allocations: 5377)


Started GET "/?query=bernardo" for ::1 at 2023-02-22 16:55:28 +0000
Processing by FlatsController#index as HTML
  Parameters: {"query"=>"bernardo"}
  Rendering layout layouts/application.html.erb
  Rendering flats/index.html.erb within layouts/application
  [1m[36mFlat Count (0.3ms)[0m  [1m[34mSELECT COUNT(*) FROM "flats" WHERE (name LIKE '%bernardo%')[0m
  ↳ app/views/flats/index.html.erb:11
  [1m[36mFlat Count (0.2ms)[0m  [1m[34mSELECT COUNT(*) FROM "flats"[0m
  ↳ app/views/flats/index.html.erb:11
  [1m[36mFlat Load (0.2ms)[0m  [1m[34mSELECT "flats".* FROM "flats" WHERE (name LIKE '%bernardo%')[0m
  ↳ app/views/flats/index.html.erb:19
  Rendered flats/index.html.erb within layouts/application (Duration: 3.1ms | Allocations: 1639)
  Rendered shared/_navbar.html.erb (Duration: 0.2ms | Allocations: 94)
  Rendered layout layouts/application.html.erb (Duration: 8.5ms | Allocations: 4167)
Completed 200 OK in 10ms (Views: 8.3ms | ActiveRecord: 0.7ms | Allocations: 4461)


Started GET "/?query=Bernardo" for ::1 at 2023-02-22 16:55:35 +0000
Processing by FlatsController#index as HTML
  Parameters: {"query"=>"Bernardo"}
  Rendering layout layouts/application.html.erb
  Rendering flats/index.html.erb within layouts/application
  [1m[36mFlat Count (0.3ms)[0m  [1m[34mSELECT COUNT(*) FROM "flats" WHERE (name LIKE '%Bernardo%')[0m
  ↳ app/views/flats/index.html.erb:11
  [1m[36mFlat Count (0.2ms)[0m  [1m[34mSELECT COUNT(*) FROM "flats"[0m
  ↳ app/views/flats/index.html.erb:11
  [1m[36mFlat Load (0.2ms)[0m  [1m[34mSELECT "flats".* FROM "flats" WHERE (name LIKE '%Bernardo%')[0m
  ↳ app/views/flats/index.html.erb:19
  Rendered flats/index.html.erb within layouts/application (Duration: 3.6ms | Allocations: 1818)
  Rendered shared/_navbar.html.erb (Duration: 0.2ms | Allocations: 85)
  Rendered layout layouts/application.html.erb (Duration: 7.4ms | Allocations: 4324)
Completed 200 OK in 9ms (Views: 7.1ms | ActiveRecord: 0.7ms | Allocations: 4618)


Started GET "/?query=do" for ::1 at 2023-02-22 16:55:39 +0000
Processing by FlatsController#index as HTML
  Parameters: {"query"=>"do"}
  Rendering layout layouts/application.html.erb
  Rendering flats/index.html.erb within layouts/application
  [1m[36mFlat Count (0.3ms)[0m  [1m[34mSELECT COUNT(*) FROM "flats" WHERE (name LIKE '%do%')[0m
  ↳ app/views/flats/index.html.erb:11
  [1m[36mFlat Count (0.2ms)[0m  [1m[34mSELECT COUNT(*) FROM "flats"[0m
  ↳ app/views/flats/index.html.erb:11
  [1m[36mFlat Load (0.2ms)[0m  [1m[34mSELECT "flats".* FROM "flats" WHERE (name LIKE '%do%')[0m
  ↳ app/views/flats/index.html.erb:19
  Rendered flats/index.html.erb within layouts/application (Duration: 3.4ms | Allocations: 1818)
  Rendered shared/_navbar.html.erb (Duration: 0.2ms | Allocations: 85)
  Rendered layout layouts/application.html.erb (Duration: 7.2ms | Allocations: 4339)
Completed 200 OK in 8ms (Views: 6.9ms | ActiveRecord: 0.7ms | Allocations: 4633)


Started GET "/?query=picoas" for ::1 at 2023-02-22 16:55:44 +0000
Processing by FlatsController#index as HTML
  Parameters: {"query"=>"picoas"}
  Rendering layout layouts/application.html.erb
  Rendering flats/index.html.erb within layouts/application
  [1m[36mFlat Count (0.3ms)[0m  [1m[34mSELECT COUNT(*) FROM "flats" WHERE (name LIKE '%picoas%')[0m
  ↳ app/views/flats/index.html.erb:11
  [1m[36mFlat Count (0.2ms)[0m  [1m[34mSELECT COUNT(*) FROM "flats"[0m
  ↳ app/views/flats/index.html.erb:11
  [1m[36mFlat Load (0.2ms)[0m  [1m[34mSELECT "flats".* FROM "flats" WHERE (name LIKE '%picoas%')[0m
  ↳ app/views/flats/index.html.erb:19
  Rendered flats/index.html.erb within layouts/application (Duration: 3.5ms | Allocations: 1639)
  Rendered shared/_navbar.html.erb (Duration: 0.2ms | Allocations: 94)
  Rendered layout layouts/application.html.erb (Duration: 7.1ms | Allocations: 4181)
Completed 200 OK in 8ms (Views: 6.8ms | ActiveRecord: 0.7ms | Allocations: 4475)


Started GET "/?query=Picoas" for ::1 at 2023-02-22 16:55:48 +0000
Processing by FlatsController#index as HTML
  Parameters: {"query"=>"Picoas"}
  Rendering layout layouts/application.html.erb
  Rendering flats/index.html.erb within layouts/application
  [1m[36mFlat Count (0.3ms)[0m  [1m[34mSELECT COUNT(*) FROM "flats" WHERE (name LIKE '%Picoas%')[0m
  ↳ app/views/flats/index.html.erb:11
  [1m[36mFlat Count (0.2ms)[0m  [1m[34mSELECT COUNT(*) FROM "flats"[0m
  ↳ app/views/flats/index.html.erb:11
  [1m[36mFlat Load (0.2ms)[0m  [1m[34mSELECT "flats".* FROM "flats" WHERE (name LIKE '%Picoas%')[0m
  ↳ app/views/flats/index.html.erb:19
  Rendered flats/index.html.erb within layouts/application (Duration: 3.1ms | Allocations: 1639)
  Rendered shared/_navbar.html.erb (Duration: 0.2ms | Allocations: 94)
  Rendered layout layouts/application.html.erb (Duration: 6.9ms | Allocations: 4173)
Completed 200 OK in 8ms (Views: 6.6ms | ActiveRecord: 0.7ms | Allocations: 4467)


Started GET "/" for ::1 at 2023-02-22 16:55:53 +0000
Processing by FlatsController#index as HTML
  Rendering layout layouts/application.html.erb
  Rendering flats/index.html.erb within layouts/application
  [1m[36mFlat Count (0.2ms)[0m  [1m[34mSELECT COUNT(*) FROM "flats"[0m
  ↳ app/views/flats/index.html.erb:13
  [1m[36mFlat Load (0.2ms)[0m  [1m[34mSELECT "flats".* FROM "flats"[0m
  ↳ app/views/flats/index.html.erb:19
  Rendered flats/index.html.erb within layouts/application (Duration: 2.9ms | Allocations: 1281)
  Rendered shared/_navbar.html.erb (Duration: 0.1ms | Allocations: 86)
  Rendered layout layouts/application.html.erb (Duration: 6.6ms | Allocations: 3803)
Completed 200 OK in 8ms (Views: 6.6ms | ActiveRecord: 0.4ms | Allocations: 4069)


Started GET "/flats/1/edit" for ::1 at 2023-02-22 17:34:51 +0000
Processing by FlatsController#edit as HTML
  Parameters: {"id"=>"1"}
  [1m[36mFlat Load (0.6ms)[0m  [1m[34mSELECT "flats".* FROM "flats" WHERE "flats"."id" = $1 LIMIT $2[0m  [["id", 1], ["LIMIT", 1]]
  ↳ app/controllers/flats_controller.rb:50:in `set_flat'
  Rendering layout layouts/application.html.erb
  Rendering flats/edit.html.erb within layouts/application
  Rendered flats/_form.html.erb (Duration: 24.5ms | Allocations: 4311)
  Rendered flats/edit.html.erb within layouts/application (Duration: 25.4ms | Allocations: 4374)
  Rendered shared/_navbar.html.erb (Duration: 0.4ms | Allocations: 85)
  Rendered layout layouts/application.html.erb (Duration: 42.9ms | Allocations: 6645)
Completed 200 OK in 86ms (Views: 46.2ms | ActiveRecord: 12.8ms | Allocations: 10250)


Started GET "/" for ::1 at 2023-02-22 17:35:34 +0000
Processing by FlatsController#index as HTML
  Rendering layout layouts/application.html.erb
  Rendering flats/index.html.erb within layouts/application
  [1m[36mFlat Count (0.4ms)[0m  [1m[34mSELECT COUNT(*) FROM "flats"[0m
  ↳ app/views/flats/index.html.erb:13
  [1m[36mFlat Load (0.2ms)[0m  [1m[34mSELECT "flats".* FROM "flats"[0m
  ↳ app/views/flats/index.html.erb:19
  Rendered flats/index.html.erb within layouts/application (Duration: 7.4ms | Allocations: 1281)
  Rendered shared/_navbar.html.erb (Duration: 0.2ms | Allocations: 86)
  Rendered layout layouts/application.html.erb (Duration: 15.4ms | Allocations: 3806)
Completed 200 OK in 17ms (Views: 15.3ms | ActiveRecord: 0.7ms | Allocations: 4072)


